<?xml version="1.0" encoding="UTF-8"?>
<!-- Generated by org.testng.reporters.JUnitReportReporter -->
<testsuite hostname="DESKTOP-29TDDLS" failures="0" tests="2" name="TestNGBasicAnnotations.TestNGClass2" time="0.026" errors="0" timestamp="2020-11-19T08:53:33 IST" skipped="0">
  <testcase classname="TestNGBasicAnnotations.TestNGClass2" name="test2" time="0.017"/>
  <system-out/>
  <testcase classname="TestNGBasicAnnotations.TestNGClass2" name="test1" time="0.009"/>
  <system-out/>
</testsuite> <!-- TestNGBasicAnnotations.TestNGClass2 -->
