<?xml version="1.0" encoding="UTF-8"?>
<!-- Generated by org.testng.reporters.JUnitReportReporter -->
<testsuite hostname="DESKTOP-29TDDLS" failures="0" tests="1" name="webElement.WebElement_Iframe" time="26.457" errors="0" timestamp="2020-12-23T20:17:13 IST" skipped="0">
  <testcase classname="webElement.WebElement_Iframe" name="test1" time="26.457"/>
  <system-out/>
</testsuite> <!-- webElement.WebElement_Iframe -->
