<?xml version="1.0" encoding="UTF-8"?>
<!-- Generated by org.testng.reporters.JUnitReportReporter -->
<testsuite hostname="DESKTOP-29TDDLS" failures="0" tests="1" name="webElement.MouseHover" time="20.799" errors="0" timestamp="2020-12-23T20:07:24 IST" skipped="0">
  <testcase classname="webElement.MouseHover" name="test1" time="20.799"/>
  <system-out/>
</testsuite> <!-- webElement.MouseHover -->
