<?xml version="1.0" encoding="UTF-8"?>
<!-- Generated by org.testng.reporters.JUnitReportReporter -->
<testsuite hostname="DESKTOP-29TDDLS" failures="0" tests="1" name="webElement.WebElement_TextBox" time="25.216" errors="0" timestamp="2020-12-11T20:08:02 IST" skipped="0">
  <testcase classname="webElement.WebElement_TextBox" name="test2" time="25.216"/>
  <system-out/>
</testsuite> <!-- webElement.WebElement_TextBox -->
