<?xml version="1.0" encoding="UTF-8"?>
<!-- Generated by org.testng.reporters.JUnitReportReporter -->
<testsuite hostname="DESKTOP-29TDDLS" failures="0" tests="1" name="webElement.WebElement_DropDown" time="77.655" errors="0" timestamp="2020-12-22T19:36:55 IST" skipped="0">
  <testcase classname="webElement.WebElement_DropDown" name="test3" time="77.655"/>
  <system-out/>
</testsuite> <!-- webElement.WebElement_DropDown -->
