<?xml version="1.0" encoding="UTF-8"?>
<!-- Generated by org.testng.reporters.JUnitReportReporter -->
<testsuite hostname="DESKTOP-29TDDLS" failures="0" tests="1" name="webElement.WebElement_Calender" time="78.542" errors="0" timestamp="2020-12-13T19:27:26 IST" skipped="0">
  <testcase classname="webElement.WebElement_Calender" name="calendar" time="78.542"/>
  <system-out/>
</testsuite> <!-- webElement.WebElement_Calender -->
