<?xml version="1.0" encoding="UTF-8"?>
<!-- Generated by org.testng.reporters.JUnitReportReporter -->
<testsuite hostname="DESKTOP-29TDDLS" failures="0" tests="1" name="webElement.WebElement_Window" time="31.557" errors="0" timestamp="2020-12-23T20:31:17 IST" skipped="0">
  <testcase classname="webElement.WebElement_Window" name="test1" time="31.557"/>
  <system-out/>
</testsuite> <!-- webElement.WebElement_Window -->
