<?xml version="1.0" encoding="UTF-8"?>
<!-- Generated by org.testng.reporters.JUnitReportReporter -->
<testsuite hostname="DESKTOP-29TDDLS" failures="0" tests="1" name="webElement.WebElement_FileUpload" time="222.226" errors="0" timestamp="2020-12-13T20:55:25 IST" skipped="0">
  <testcase classname="webElement.WebElement_FileUpload" name="fileUpload" time="222.226"/>
  <system-out/>
</testsuite> <!-- webElement.WebElement_FileUpload -->
