<?xml version="1.0" encoding="UTF-8"?>
<!-- Generated by org.testng.reporters.JUnitReportReporter -->
<testsuite hostname="DESKTOP-29TDDLS" failures="0" tests="1" name="webElement.WebElement_RadioButton" time="53.562" errors="0" timestamp="2020-12-13T20:17:56 IST" skipped="0">
  <testcase classname="webElement.WebElement_RadioButton" name="radioButton" time="53.562"/>
  <system-out/>
</testsuite> <!-- webElement.WebElement_RadioButton -->
