<?xml version="1.0" encoding="UTF-8"?>
<!-- Generated by org.testng.reporters.JUnitReportReporter -->
<testsuite hostname="DESKTOP-29TDDLS" failures="0" tests="2" name="parameter.ParameterConcept" time="0.023" errors="0" timestamp="2020-12-21T21:53:53 IST" skipped="0">
  <testcase classname="parameter.ParameterConcept" name="launchBrowser" time="0.017"/>
  <system-out/>
  <testcase classname="parameter.ParameterConcept" name="login" time="0.006"/>
  <system-out/>
</testsuite> <!-- parameter.ParameterConcept -->
