<?xml version="1.0" encoding="UTF-8"?>
<!-- Generated by org.testng.reporters.JUnitReportReporter -->
<testsuite hostname="DESKTOP-29TDDLS" failures="0" tests="3" name="dataProvider.DataProviderConcepts" time="0.033" errors="0" timestamp="2020-12-21T20:56:16 IST" skipped="0">
  <testcase classname="dataProvider.DataProviderConcepts" name="login" time="0.003"/>
  <system-out/>
  <testcase classname="dataProvider.DataProviderConcepts" name="login" time="0.004"/>
  <system-out/>
  <testcase classname="dataProvider.DataProviderConcepts" name="login" time="0.026"/>
  <system-out/>
</testsuite> <!-- dataProvider.DataProviderConcepts -->
